C:\Program Files (x86)\Microsoft Visual Studio\2019\Community\MSBuild\Microsoft\VC\v160\Microsoft.CppBuild.targets(491,5): warning MSB8028: The intermediate directory (x64\Debug\) contains files shared from another project (Menu Tasarimi.vcxproj).  This can lead to incorrect clean and rebuild behavior.
  Ball.cpp
C:\Users\YunusEmreTosun\Desktop\G171210013-OyunProgOdevi\BrackOut\Menu Tasarimi\Ball.cpp(6,12): warning C4244: 'initializing': conversion from 'double' to 'float', possible loss of data
C:\Users\YunusEmreTosun\Desktop\G171210013-OyunProgOdevi\BrackOut\Menu Tasarimi\Ball.cpp(6,34): warning C4244: 'initializing': conversion from 'double' to 'float', possible loss of data
C:\Users\YunusEmreTosun\Desktop\G171210013-OyunProgOdevi\BrackOut\Menu Tasarimi\Ball.cpp(8,22): warning C4244: 'argument': conversion from 'int' to 'float', possible loss of data
C:\Users\YunusEmreTosun\Desktop\G171210013-OyunProgOdevi\BrackOut\Menu Tasarimi\Ball.cpp(17,12): warning C4244: 'argument': conversion from 'time_t' to 'unsigned int', possible loss of data
C:\Users\YunusEmreTosun\Desktop\G171210013-OyunProgOdevi\BrackOut\Menu Tasarimi\Ball.cpp(45,12): warning C4244: 'argument': conversion from 'time_t' to 'unsigned int', possible loss of data
  GameManager.cpp
C:\Users\YunusEmreTosun\Desktop\G171210013-OyunProgOdevi\BrackOut\Menu Tasarimi\GameManager.cpp(178,65): warning C4244: 'argument': conversion from 'T' to 'float', possible loss of data
          with
          [
              T=unsigned int
          ]
C:\Users\YunusEmreTosun\Desktop\G171210013-OyunProgOdevi\BrackOut\Menu Tasarimi\GameManager.cpp(178,41): warning C4244: 'argument': conversion from 'T' to 'float', possible loss of data
          with
          [
              T=unsigned int
          ]
C:\Users\YunusEmreTosun\Desktop\G171210013-OyunProgOdevi\BrackOut\Menu Tasarimi\GameManager.cpp(192,18): warning C4244: 'argument': conversion from 'float' to 'int', possible loss of data
C:\Users\YunusEmreTosun\Desktop\G171210013-OyunProgOdevi\BrackOut\Menu Tasarimi\GameManager.cpp(193,39): warning C4244: 'argument': conversion from 'T' to 'float', possible loss of data
          with
          [
              T=unsigned int
          ]
C:\Users\YunusEmreTosun\Desktop\G171210013-OyunProgOdevi\BrackOut\Menu Tasarimi\GameManager.cpp(193,27): warning C4244: 'argument': conversion from 'T' to 'float', possible loss of data
          with
          [
              T=unsigned int
          ]
C:\Users\YunusEmreTosun\Desktop\G171210013-OyunProgOdevi\BrackOut\Menu Tasarimi\GameManager.cpp(208,11): warning C4244: 'initializing': conversion from 'float' to 'int', possible loss of data
C:\Users\YunusEmreTosun\Desktop\G171210013-OyunProgOdevi\BrackOut\Menu Tasarimi\GameManager.cpp(213,25): warning C4244: 'argument': conversion from 'int' to 'float', possible loss of data
C:\Users\YunusEmreTosun\Desktop\G171210013-OyunProgOdevi\BrackOut\Menu Tasarimi\GameManager.cpp(213,19): warning C4244: 'argument': conversion from 'int' to 'float', possible loss of data
C:\Users\YunusEmreTosun\Desktop\G171210013-OyunProgOdevi\BrackOut\Menu Tasarimi\GameManager.cpp(218,33): warning C4244: '+=': conversion from 'float' to 'int', possible loss of data
C:\Users\YunusEmreTosun\Desktop\G171210013-OyunProgOdevi\BrackOut\Menu Tasarimi\GameManager.cpp(220,10): warning C4244: '=': conversion from 'float' to 'int', possible loss of data
C:\Users\YunusEmreTosun\Desktop\G171210013-OyunProgOdevi\BrackOut\Menu Tasarimi\GameManager.cpp(221,32): warning C4244: '+=': conversion from 'float' to 'int', possible loss of data
  main.cpp
  Player.cpp
  RectangleEntity.cpp
C:\Users\YunusEmreTosun\Desktop\G171210013-OyunProgOdevi\BrackOut\Menu Tasarimi\RectangleEntity.cpp(58,12): warning C4244: 'argument': conversion from 'time_t' to 'unsigned int', possible loss of data
  Generating Code...
  LINK : program database C:\Users\YunusEmreTosun\Desktop\G171210013-OyunProgOdevi\BrackOut\x64\DebugBreakOut.pdb missing; performing full link
  Menu Tasarimi.vcxproj -> C:\Users\YunusEmreTosun\Desktop\G171210013-OyunProgOdevi\Dependencies\bin\BreakOut.exe
