c:\users\yunusemretosun\desktop\oyunprogramlamayagırıs-master\oyunprogramlamayagırıs-master\03 - ilk yılan oyunu\x64\debugvc142.pdb
c:\users\yunusemretosun\desktop\oyunprogramlamayagırıs-master\oyunprogramlamayagırıs-master\03 - ilk yılan oyunu\x64\debugvc142.ıdb
c:\users\yunusemretosun\desktop\oyunprogramlamayagırıs-master\oyunprogramlamayagırıs-master\03 - ilk yılan oyunu\x64\debug\pencerearacı.obj
c:\users\yunusemretosun\desktop\oyunprogramlamayagırıs-master\oyunprogramlamayagırıs-master\03 - ilk yılan oyunu\x64\debug\pencere.obj
c:\users\yunusemretosun\desktop\oyunprogramlamayagırıs-master\oyunprogramlamayagırıs-master\03 - ilk yılan oyunu\x64\debug\oyun.obj
c:\users\yunusemretosun\desktop\oyunprogramlamayagırıs-master\oyunprogramlamayagırıs-master\03 - ilk yılan oyunu\x64\debug\maın.obj
c:\users\yunusemretosun\desktop\oyunprogramlamayagırıs-master\oyunprogramlamayagırıs-master\03 - ilk yılan oyunu\x64\debug\buton.obj
c:\users\yunusemretosun\desktop\oyunprogramlamayagırıs-master\oyunprogramlamayagırıs-master\03 - ilk yılan oyunu\x64\debug\sahne.obj
c:\users\yunusemretosun\desktop\oyunprogramlamayagırıs-master\oyunprogramlamayagırıs-master\03 - ilk yılan oyunu\x64\debug\game.obj
c:\users\yunusemretosun\desktop\oyunprogramlamayagırıs-master\oyunprogramlamayagırıs-master\03 - ilk yılan oyunu\x64\debug\bat.obj
c:\users\yunusemretosun\desktop\oyunprogramlamayagırıs-master\oyunprogramlamayagırıs-master\03 - ilk yılan oyunu\x64\debug\ball.obj
c:\users\yunusemretosun\desktop\oyunprogramlamayagırıs-master\oyunprogramlamayagırıs-master\dependencıes\bın\menu tasarımı.ılk
c:\users\yunusemretosun\desktop\oyunprogramlamayagırıs-master\oyunprogramlamayagırıs-master\dependencıes\bın\menu tasarımı.exe
c:\users\yunusemretosun\desktop\oyunprogramlamayagırıs-master\oyunprogramlamayagırıs-master\03 - ilk yılan oyunu\x64\debugmenu tasarımı.pdb
c:\users\yunusemretosun\desktop\oyunprogramlamayagiris-master\oyunprogramlamayagiris-master\03 - ilk yilan oyunu\menu tasarimi\x64\debug\menu tasarimi.tlog\cl.command.1.tlog
c:\users\yunusemretosun\desktop\oyunprogramlamayagiris-master\oyunprogramlamayagiris-master\03 - ilk yilan oyunu\menu tasarimi\x64\debug\menu tasarimi.tlog\cl.read.1.tlog
c:\users\yunusemretosun\desktop\oyunprogramlamayagiris-master\oyunprogramlamayagiris-master\03 - ilk yilan oyunu\menu tasarimi\x64\debug\menu tasarimi.tlog\cl.write.1.tlog
c:\users\yunusemretosun\desktop\oyunprogramlamayagiris-master\oyunprogramlamayagiris-master\03 - ilk yilan oyunu\menu tasarimi\x64\debug\menu tasarimi.tlog\link.command.1.tlog
c:\users\yunusemretosun\desktop\oyunprogramlamayagiris-master\oyunprogramlamayagiris-master\03 - ilk yilan oyunu\menu tasarimi\x64\debug\menu tasarimi.tlog\link.read.1.tlog
c:\users\yunusemretosun\desktop\oyunprogramlamayagiris-master\oyunprogramlamayagiris-master\03 - ilk yilan oyunu\menu tasarimi\x64\debug\menu tasarimi.tlog\link.write.1.tlog
